compile success
my_dir is: /Users/lizhenyu/Desktop/RecoveryChecker/scripts/instrument
common_src is: /Users/lizhenyu/Desktop/RecoveryChecker/scripts/lib/common.sh
run recovery_checker
+ java -cp /Users/lizhenyu/Desktop/RecoveryChecker/conf:/Users/lizhenyu/Desktop/RecoveryChecker/target/RecoveryChecker-1.0-SNAPSHOT-jar-with-dependencies.jar -Drc.conf.dir=/Users/lizhenyu/Desktop/RecoveryChecker/conf -Drc.logs.dir=/Users/lizhenyu/Desktop/RecoveryChecker/logs -Dlog4j.configuration=file:/Users/lizhenyu/Desktop/RecoveryChecker/conf/log4j.properties edu.uva.liftlab.recoverychecker.RCMain -x -o /Users/lizhenyu/Desktop/RecoveryChecker/sootOutput -i /Users/lizhenyu/Desktop/RCExperiment/hbase-25898/hbase-server/target/classes -e
Enter main line292
Enter main line293
Line295
[main] ERROR edu.uva.liftlab.recoverychecker.option.OptionParser - Failed to parse command line arguments: Missing argument for option: x

usage: t2c.jar [OPTIONS] -- [SOOT OPTIONS]
 -a,--analysis <name name ...>                    list of analysis names to run
                                                  on the subject software
 -c,--class <class class ...>                     list of classes to be analyzed
    --client <arg>                                client side entry class
    --config <key:value key:value ...>            List of key value configs,
                                                  which will override the
                                                  settings in the config file
    --critical <file>                             File that contains the list of
                                                  critical methods
 -e,--executable                                  Generate executable class
                                                  files instead of Soot IRs
 -ep,--expkg <pkgname>                            Package name that should be
                                                  excluded from analysis
 -h,--help                                        Print this help message
 -H,--Help                                        Print this help message along
                                                  with Soot help message
 -i,--indir <directory directory ...>             List of input directories that
                                                  contain the class files of a
                                                  subject software
 -j,--jar <file file ...>                         List of input jar files of the
                                                  subject software to be
                                                  analyzed
    --list                                        List analysis available in T2C
 -m,--main <arg>                                  T2CMain class of package
 -n,--no_output                                   Do not generate output for
                                                  parsing
    --no_debug                                    Do not keep debug information
                                                  in analysis
 -o,--outdir <directory>                          Directory to output the
                                                  generated watchdogs
 -p,--phase_option <phase key:val,key:val, ...>   list of phase option to be
                                                  passed to Soot
 -pf,--prefix <arg>                               system package prefix
 -sm,--secmain <class class ...>                  list of secondary main classes
    --uservalidator <file>                        File that contains the list of
                                                  user-defined validator methods
 -w,--whole                                       Whole program analysis
 -x,--extra_classpath <classpath classpath ...>   List of additional classpaths
                                                  (directory or jar)
Line303
Exception in thread "main" java.lang.NullPointerException
	at edu.uva.liftlab.recoverychecker.RCMain.main(RCMain.java:359)
